{"D:\\startup\\idaman\\library\\batara\\src\\constant\\index.ts": {"path":"D:\\startup\\idaman\\library\\batara\\src\\constant\\index.ts","statementMap":{"0":{"start":{"line":2,"column":0},"end":{"line":2,"column":41}},"1":{"start":{"line":3,"column":0},"end":{"line":3,"column":36}}},"fnMap":{},"branchMap":{},"s":{"0":1,"1":1},"f":{},"b":{}}
,"D:\\startup\\idaman\\library\\batara\\src\\constant\\language.constant.ts": {"path":"D:\\startup\\idaman\\library\\batara\\src\\constant\\language.constant.ts","statementMap":{"0":{"start":{"line":2,"column":13},"end":{"line":48,"column":null}},"1":{"start":{"line":50,"column":13},"end":{"line":86,"column":null}}},"fnMap":{},"branchMap":{},"s":{"0":3,"1":3},"f":{},"b":{}}
,"D:\\startup\\idaman\\library\\batara\\src\\controller\\controller.ts": {"path":"D:\\startup\\idaman\\library\\batara\\src\\controller\\controller.ts","statementMap":{"0":{"start":{"line":10,"column":0},"end":{"line":10,"column":57}},"1":{"start":{"line":11,"column":0},"end":{"line":11,"column":61}},"2":{"start":{"line":13,"column":0},"end":{"line":13,"column":null}},"3":{"start":{"line":20,"column":9},"end":{"line":32,"column":null}},"4":{"start":{"line":22,"column":4},"end":{"line":31,"column":6}},"5":{"start":{"line":34,"column":12},"end":{"line":37,"column":null}},"6":{"start":{"line":36,"column":4},"end":{"line":36,"column":18}},"7":{"start":{"line":39,"column":12},"end":{"line":42,"column":null}},"8":{"start":{"line":41,"column":4},"end":{"line":41,"column":14}},"9":{"start":{"line":44,"column":12},"end":{"line":47,"column":null}},"10":{"start":{"line":46,"column":4},"end":{"line":46,"column":14}},"11":{"start":{"line":49,"column":12},"end":{"line":52,"column":null}},"12":{"start":{"line":51,"column":4},"end":{"line":51,"column":14}},"13":{"start":{"line":54,"column":10},"end":{"line":84,"column":null}},"14":{"start":{"line":56,"column":19},"end":{"line":56,"column":38}},"15":{"start":{"line":67,"column":21},"end":{"line":67,"column":38}},"16":{"start":{"line":68,"column":4},"end":{"line":72,"column":null}},"17":{"start":{"line":69,"column":6},"end":{"line":71,"column":null}},"18":{"start":{"line":70,"column":8},"end":{"line":70,"column":40}},"19":{"start":{"line":74,"column":19},"end":{"line":74,"column":34}},"20":{"start":{"line":75,"column":4},"end":{"line":79,"column":null}},"21":{"start":{"line":76,"column":6},"end":{"line":78,"column":null}},"22":{"start":{"line":77,"column":8},"end":{"line":77,"column":38}},"23":{"start":{"line":81,"column":4},"end":{"line":81,"column":42}},"24":{"start":{"line":82,"column":4},"end":{"line":82,"column":38}},"25":{"start":{"line":83,"column":4},"end":{"line":83,"column":18}},"26":{"start":{"line":86,"column":0},"end":{"line":86,"column":null}}},"fnMap":{"0":{"name":"(anonymous_1)","decl":{"start":{"line":13,"column":0},"end":{"line":13,"column":null}},"loc":{"start":{"line":13,"column":0},"end":{"line":86,"column":null}}},"1":{"name":"(anonymous_3)","decl":{"start":{"line":20,"column":2},"end":{"line":20,"column":9}},"loc":{"start":{"line":20,"column":2},"end":{"line":32,"column":3}}},"2":{"name":"(anonymous_4)","decl":{"start":{"line":34,"column":2},"end":{"line":34,"column":12}},"loc":{"start":{"line":34,"column":72},"end":{"line":37,"column":3}}},"3":{"name":"(anonymous_5)","decl":{"start":{"line":39,"column":2},"end":{"line":39,"column":12}},"loc":{"start":{"line":39,"column":2},"end":{"line":42,"column":3}}},"4":{"name":"(anonymous_6)","decl":{"start":{"line":44,"column":2},"end":{"line":44,"column":12}},"loc":{"start":{"line":44,"column":2},"end":{"line":47,"column":3}}},"5":{"name":"(anonymous_7)","decl":{"start":{"line":49,"column":2},"end":{"line":49,"column":12}},"loc":{"start":{"line":49,"column":2},"end":{"line":52,"column":3}}},"6":{"name":"(anonymous_8)","decl":{"start":{"line":54,"column":2},"end":{"line":54,"column":10}},"loc":{"start":{"line":54,"column":70},"end":{"line":84,"column":3}}}},"branchMap":{"0":{"loc":{"start":{"line":69,"column":6},"end":{"line":71,"column":null}},"type":"if","locations":[{"start":{"line":69,"column":6},"end":{"line":71,"column":null}},{"start":{"line":69,"column":6},"end":{"line":71,"column":null}}]},"1":{"loc":{"start":{"line":76,"column":6},"end":{"line":78,"column":null}},"type":"if","locations":[{"start":{"line":76,"column":6},"end":{"line":78,"column":null}},{"start":{"line":76,"column":6},"end":{"line":78,"column":null}}]}},"s":{"0":1,"1":1,"2":1,"3":1,"4":0,"5":1,"6":0,"7":1,"8":0,"9":1,"10":0,"11":1,"12":0,"13":1,"14":0,"15":0,"16":0,"17":0,"18":0,"19":0,"20":0,"21":0,"22":0,"23":0,"24":0,"25":0,"26":1},"f":{"0":2,"1":0,"2":0,"3":0,"4":0,"5":0,"6":0},"b":{"0":[0,0],"1":[0,0]}}
,"D:\\startup\\idaman\\library\\batara\\src\\entity\\entity.ts": {"path":"D:\\startup\\idaman\\library\\batara\\src\\entity\\entity.ts","statementMap":{"0":{"start":{"line":2,"column":0},"end":{"line":2,"column":null}},"1":{"start":{"line":5,"column":9},"end":{"line":8,"column":null}},"2":{"start":{"line":7,"column":4},"end":{"line":7,"column":16}},"3":{"start":{"line":10,"column":9},"end":{"line":13,"column":null}},"4":{"start":{"line":12,"column":4},"end":{"line":12,"column":43}},"5":{"start":{"line":15,"column":0},"end":{"line":15,"column":null}}},"fnMap":{"0":{"name":"(anonymous_0)","decl":{"start":{"line":2,"column":0},"end":{"line":2,"column":null}},"loc":{"start":{"line":2,"column":0},"end":{"line":15,"column":null}}},"1":{"name":"(anonymous_2)","decl":{"start":{"line":5,"column":2},"end":{"line":5,"column":9}},"loc":{"start":{"line":5,"column":2},"end":{"line":8,"column":3}}},"2":{"name":"(anonymous_3)","decl":{"start":{"line":10,"column":2},"end":{"line":10,"column":9}},"loc":{"start":{"line":10,"column":2},"end":{"line":13,"column":3}}}},"branchMap":{},"s":{"0":2,"1":2,"2":4,"3":2,"4":1,"5":2},"f":{"0":7,"1":4,"2":1},"b":{}}
,"D:\\startup\\idaman\\library\\batara\\src\\entity\\index.ts": {"path":"D:\\startup\\idaman\\library\\batara\\src\\entity\\index.ts","statementMap":{"0":{"start":{"line":2,"column":0},"end":{"line":2,"column":9}},"1":{"start":{"line":2,"column":9},"end":{"line":2,"column":26}}},"fnMap":{"0":{"name":"(anonymous_1)","decl":{"start":{"line":2,"column":9},"end":{"line":2,"column":16}},"loc":{"start":{"line":2,"column":9},"end":{"line":2,"column":26}}}},"branchMap":{},"s":{"0":1,"1":2},"f":{"0":1},"b":{}}
,"D:\\startup\\idaman\\library\\batara\\src\\error\\index.ts": {"path":"D:\\startup\\idaman\\library\\batara\\src\\error\\index.ts","statementMap":{"0":{"start":{"line":2,"column":0},"end":{"line":2,"column":9}},"1":{"start":{"line":2,"column":9},"end":{"line":2,"column":31}},"2":{"start":{"line":3,"column":0},"end":{"line":3,"column":9}},"3":{"start":{"line":3,"column":9},"end":{"line":3,"column":33}},"4":{"start":{"line":4,"column":0},"end":{"line":4,"column":9}},"5":{"start":{"line":4,"column":9},"end":{"line":4,"column":39}},"6":{"start":{"line":5,"column":0},"end":{"line":5,"column":9}},"7":{"start":{"line":5,"column":9},"end":{"line":5,"column":36}},"8":{"start":{"line":6,"column":0},"end":{"line":6,"column":9}},"9":{"start":{"line":6,"column":9},"end":{"line":6,"column":35}},"10":{"start":{"line":7,"column":0},"end":{"line":7,"column":9}},"11":{"start":{"line":7,"column":9},"end":{"line":7,"column":35}}},"fnMap":{"0":{"name":"(anonymous_1)","decl":{"start":{"line":2,"column":9},"end":{"line":2,"column":16}},"loc":{"start":{"line":2,"column":9},"end":{"line":2,"column":31}}},"1":{"name":"(anonymous_2)","decl":{"start":{"line":3,"column":9},"end":{"line":3,"column":16}},"loc":{"start":{"line":3,"column":9},"end":{"line":3,"column":33}}},"2":{"name":"(anonymous_3)","decl":{"start":{"line":4,"column":9},"end":{"line":4,"column":16}},"loc":{"start":{"line":4,"column":9},"end":{"line":4,"column":39}}},"3":{"name":"(anonymous_4)","decl":{"start":{"line":5,"column":9},"end":{"line":5,"column":16}},"loc":{"start":{"line":5,"column":9},"end":{"line":5,"column":36}}},"4":{"name":"(anonymous_5)","decl":{"start":{"line":6,"column":9},"end":{"line":6,"column":16}},"loc":{"start":{"line":6,"column":9},"end":{"line":6,"column":35}}},"5":{"name":"(anonymous_6)","decl":{"start":{"line":7,"column":9},"end":{"line":7,"column":16}},"loc":{"start":{"line":7,"column":9},"end":{"line":7,"column":35}}}},"branchMap":{},"s":{"0":1,"1":1,"2":1,"3":2,"4":1,"5":2,"6":1,"7":2,"8":1,"9":2,"10":1,"11":2},"f":{"0":0,"1":1,"2":1,"3":1,"4":1,"5":1},"b":{}}
,"D:\\startup\\idaman\\library\\batara\\src\\error\\not-found.error.ts": {"path":"D:\\startup\\idaman\\library\\batara\\src\\error\\not-found.error.ts","statementMap":{"0":{"start":{"line":2,"column":0},"end":{"line":2,"column":41}},"1":{"start":{"line":4,"column":0},"end":{"line":4,"column":null}},"2":{"start":{"line":4,"column":43},"end":{"line":4,"column":54}},"3":{"start":{"line":7,"column":14},"end":{"line":7,"column":null}},"4":{"start":{"line":9,"column":4},"end":{"line":9,"column":null}},"5":{"start":{"line":12,"column":0},"end":{"line":12,"column":null}}},"fnMap":{"0":{"name":"(anonymous_7)","decl":{"start":{"line":4,"column":0},"end":{"line":4,"column":43}},"loc":{"start":{"line":4,"column":0},"end":{"line":12,"column":null}}},"1":{"name":"NotfoundError","decl":{"start":{"line":7,"column":2},"end":{"line":7,"column":14}},"loc":{"start":{"line":7,"column":48},"end":{"line":10,"column":3}}}},"branchMap":{"0":{"loc":{"start":{"line":7,"column":14},"end":{"line":7,"column":null}},"type":"if","locations":[{"start":{"line":7,"column":14},"end":{"line":7,"column":null}},{"start":{"line":7,"column":14},"end":{"line":7,"column":null}}]},"1":{"loc":{"start":{"line":9,"column":4},"end":{"line":9,"column":18}},"type":"binary-expr","locations":[{"start":{"line":9,"column":4},"end":{"line":9,"column":18}},{"start":{"line":9,"column":18},"end":{"line":9,"column":null}}]}},"s":{"0":2,"1":2,"2":2,"3":8,"4":5,"5":2},"f":{"0":2,"1":5},"b":{"0":[3,2],"1":[5,0]}}
,"D:\\startup\\idaman\\library\\batara\\src\\error\\system.error.ts": {"path":"D:\\startup\\idaman\\library\\batara\\src\\error\\system.error.ts","statementMap":{"0":{"start":{"line":2,"column":0},"end":{"line":2,"column":null}},"1":{"start":{"line":2,"column":50},"end":{"line":2,"column":55}},"2":{"start":{"line":5,"column":14},"end":{"line":5,"column":null}},"3":{"start":{"line":7,"column":4},"end":{"line":7,"column":null}},"4":{"start":{"line":12,"column":4},"end":{"line":12,"column":54}},"5":{"start":{"line":15,"column":0},"end":{"line":15,"column":null}}},"fnMap":{"0":{"name":"(anonymous_6)","decl":{"start":{"line":2,"column":0},"end":{"line":2,"column":50}},"loc":{"start":{"line":2,"column":0},"end":{"line":15,"column":null}}},"1":{"name":"SystemError","decl":{"start":{"line":5,"column":2},"end":{"line":5,"column":14}},"loc":{"start":{"line":5,"column":46},"end":{"line":13,"column":3}}}},"branchMap":{"0":{"loc":{"start":{"line":5,"column":14},"end":{"line":5,"column":null}},"type":"if","locations":[{"start":{"line":5,"column":14},"end":{"line":5,"column":null}},{"start":{"line":5,"column":14},"end":{"line":5,"column":null}}]},"1":{"loc":{"start":{"line":7,"column":4},"end":{"line":7,"column":18}},"type":"binary-expr","locations":[{"start":{"line":7,"column":4},"end":{"line":7,"column":18}},{"start":{"line":7,"column":18},"end":{"line":7,"column":null}}]}},"s":{"0":8,"1":8,"2":33,"3":32,"4":32,"5":8},"f":{"0":8,"1":32},"b":{"0":[1,31],"1":[32,0]}}
,"D:\\startup\\idaman\\library\\batara\\src\\error\\unauthenticate.error.ts": {"path":"D:\\startup\\idaman\\library\\batara\\src\\error\\unauthenticate.error.ts","statementMap":{"0":{"start":{"line":2,"column":0},"end":{"line":2,"column":41}},"1":{"start":{"line":4,"column":0},"end":{"line":4,"column":null}},"2":{"start":{"line":4,"column":49},"end":{"line":4,"column":60}},"3":{"start":{"line":7,"column":14},"end":{"line":7,"column":null}},"4":{"start":{"line":9,"column":4},"end":{"line":9,"column":null}},"5":{"start":{"line":12,"column":0},"end":{"line":12,"column":null}}},"fnMap":{"0":{"name":"(anonymous_7)","decl":{"start":{"line":4,"column":0},"end":{"line":4,"column":49}},"loc":{"start":{"line":4,"column":0},"end":{"line":12,"column":null}}},"1":{"name":"UnauthenticateError","decl":{"start":{"line":7,"column":2},"end":{"line":7,"column":14}},"loc":{"start":{"line":7,"column":54},"end":{"line":10,"column":3}}}},"branchMap":{"0":{"loc":{"start":{"line":7,"column":14},"end":{"line":7,"column":null}},"type":"if","locations":[{"start":{"line":7,"column":14},"end":{"line":7,"column":null}},{"start":{"line":7,"column":14},"end":{"line":7,"column":null}}]},"1":{"loc":{"start":{"line":9,"column":4},"end":{"line":9,"column":18}},"type":"binary-expr","locations":[{"start":{"line":9,"column":4},"end":{"line":9,"column":18}},{"start":{"line":9,"column":18},"end":{"line":9,"column":null}}]}},"s":{"0":2,"1":2,"2":2,"3":8,"4":5,"5":2},"f":{"0":2,"1":5},"b":{"0":[3,2],"1":[5,0]}}
,"D:\\startup\\idaman\\library\\batara\\src\\error\\unauthorize.error.ts": {"path":"D:\\startup\\idaman\\library\\batara\\src\\error\\unauthorize.error.ts","statementMap":{"0":{"start":{"line":2,"column":0},"end":{"line":2,"column":41}},"1":{"start":{"line":4,"column":0},"end":{"line":4,"column":null}},"2":{"start":{"line":4,"column":46},"end":{"line":4,"column":57}},"3":{"start":{"line":7,"column":14},"end":{"line":7,"column":null}},"4":{"start":{"line":9,"column":4},"end":{"line":9,"column":null}},"5":{"start":{"line":12,"column":0},"end":{"line":12,"column":null}}},"fnMap":{"0":{"name":"(anonymous_7)","decl":{"start":{"line":4,"column":0},"end":{"line":4,"column":46}},"loc":{"start":{"line":4,"column":0},"end":{"line":12,"column":null}}},"1":{"name":"UnauthorizeError","decl":{"start":{"line":7,"column":2},"end":{"line":7,"column":14}},"loc":{"start":{"line":7,"column":51},"end":{"line":10,"column":3}}}},"branchMap":{"0":{"loc":{"start":{"line":7,"column":14},"end":{"line":7,"column":null}},"type":"if","locations":[{"start":{"line":7,"column":14},"end":{"line":7,"column":null}},{"start":{"line":7,"column":14},"end":{"line":7,"column":null}}]},"1":{"loc":{"start":{"line":9,"column":4},"end":{"line":9,"column":18}},"type":"binary-expr","locations":[{"start":{"line":9,"column":4},"end":{"line":9,"column":18}},{"start":{"line":9,"column":18},"end":{"line":9,"column":null}}]}},"s":{"0":2,"1":2,"2":2,"3":8,"4":5,"5":2},"f":{"0":2,"1":5},"b":{"0":[3,2],"1":[5,0]}}
,"D:\\startup\\idaman\\library\\batara\\src\\error\\unexpected.error.ts": {"path":"D:\\startup\\idaman\\library\\batara\\src\\error\\unexpected.error.ts","statementMap":{"0":{"start":{"line":2,"column":0},"end":{"line":2,"column":41}},"1":{"start":{"line":4,"column":0},"end":{"line":4,"column":null}},"2":{"start":{"line":4,"column":45},"end":{"line":4,"column":56}},"3":{"start":{"line":7,"column":14},"end":{"line":7,"column":null}},"4":{"start":{"line":9,"column":4},"end":{"line":9,"column":null}},"5":{"start":{"line":12,"column":0},"end":{"line":12,"column":null}}},"fnMap":{"0":{"name":"(anonymous_7)","decl":{"start":{"line":4,"column":0},"end":{"line":4,"column":45}},"loc":{"start":{"line":4,"column":0},"end":{"line":12,"column":null}}},"1":{"name":"UnexpectedError","decl":{"start":{"line":7,"column":2},"end":{"line":7,"column":14}},"loc":{"start":{"line":7,"column":50},"end":{"line":10,"column":3}}}},"branchMap":{"0":{"loc":{"start":{"line":7,"column":14},"end":{"line":7,"column":null}},"type":"if","locations":[{"start":{"line":7,"column":14},"end":{"line":7,"column":null}},{"start":{"line":7,"column":14},"end":{"line":7,"column":null}}]},"1":{"loc":{"start":{"line":9,"column":4},"end":{"line":9,"column":18}},"type":"binary-expr","locations":[{"start":{"line":9,"column":4},"end":{"line":9,"column":18}},{"start":{"line":9,"column":18},"end":{"line":9,"column":null}}]}},"s":{"0":2,"1":2,"2":2,"3":8,"4":5,"5":2},"f":{"0":2,"1":5},"b":{"0":[3,2],"1":[5,0]}}
,"D:\\startup\\idaman\\library\\batara\\src\\error\\validation.error.ts": {"path":"D:\\startup\\idaman\\library\\batara\\src\\error\\validation.error.ts","statementMap":{"0":{"start":{"line":3,"column":0},"end":{"line":3,"column":41}},"1":{"start":{"line":5,"column":0},"end":{"line":5,"column":null}},"2":{"start":{"line":5,"column":45},"end":{"line":5,"column":56}},"3":{"start":{"line":12,"column":4},"end":{"line":12,"column":null}},"4":{"start":{"line":15,"column":4},"end":{"line":15,"column":null}},"5":{"start":{"line":16,"column":4},"end":{"line":16,"column":25}},"6":{"start":{"line":19,"column":2},"end":{"line":22,"column":null}},"7":{"start":{"line":21,"column":4},"end":{"line":21,"column":23}},"8":{"start":{"line":24,"column":0},"end":{"line":24,"column":null}}},"fnMap":{"0":{"name":"(anonymous_7)","decl":{"start":{"line":5,"column":0},"end":{"line":5,"column":45}},"loc":{"start":{"line":5,"column":0},"end":{"line":24,"column":null}}},"1":{"name":"ValidationError","decl":{"start":{"line":10,"column":2},"end":{"line":10,"column":null}},"loc":{"start":{"line":12,"column":40},"end":{"line":17,"column":3}}},"2":{"name":"(anonymous_9)","decl":{"start":{"line":19,"column":2},"end":{"line":19,"column":11}},"loc":{"start":{"line":19,"column":2},"end":{"line":22,"column":3}}}},"branchMap":{"0":{"loc":{"start":{"line":12,"column":4},"end":{"line":12,"column":null}},"type":"if","locations":[{"start":{"line":12,"column":4},"end":{"line":12,"column":null}},{"start":{"line":12,"column":4},"end":{"line":12,"column":null}}]},"1":{"loc":{"start":{"line":15,"column":4},"end":{"line":15,"column":18}},"type":"binary-expr","locations":[{"start":{"line":15,"column":4},"end":{"line":15,"column":18}},{"start":{"line":15,"column":18},"end":{"line":15,"column":null}}]}},"s":{"0":3,"1":3,"2":3,"3":10,"4":7,"5":7,"6":3,"7":2,"8":3},"f":{"0":3,"1":7,"2":2},"b":{"0":[3,4],"1":[7,0]}}
,"D:\\startup\\idaman\\library\\batara\\src\\middleware\\language.middleware.ts": {"path":"D:\\startup\\idaman\\library\\batara\\src\\middleware\\language.middleware.ts","statementMap":{"0":{"start":{"line":2,"column":0},"end":{"line":2,"column":37}},"1":{"start":{"line":4,"column":0},"end":{"line":4,"column":69}},"2":{"start":{"line":6,"column":0},"end":{"line":6,"column":38}},"3":{"start":{"line":13,"column":0},"end":{"line":13,"column":null}},"4":{"start":{"line":13,"column":38},"end":{"line":13,"column":48}},"5":{"start":{"line":16,"column":9},"end":{"line":47,"column":null}},"6":{"start":{"line":18,"column":19},"end":{"line":18,"column":38}},"7":{"start":{"line":20,"column":28},"end":{"line":20,"column":66}},"8":{"start":{"line":21,"column":4},"end":{"line":25,"column":null}},"9":{"start":{"line":22,"column":6},"end":{"line":24,"column":null}},"10":{"start":{"line":23,"column":8},"end":{"line":23,"column":47}},"11":{"start":{"line":27,"column":26},"end":{"line":27,"column":62}},"12":{"start":{"line":28,"column":4},"end":{"line":32,"column":null}},"13":{"start":{"line":29,"column":6},"end":{"line":31,"column":null}},"14":{"start":{"line":30,"column":8},"end":{"line":30,"column":45}},"15":{"start":{"line":34,"column":4},"end":{"line":45,"column":6}},"16":{"start":{"line":46,"column":4},"end":{"line":46,"column":18}},"17":{"start":{"line":49,"column":0},"end":{"line":49,"column":null}}},"fnMap":{"0":{"name":"(anonymous_7)","decl":{"start":{"line":13,"column":0},"end":{"line":13,"column":38}},"loc":{"start":{"line":13,"column":0},"end":{"line":49,"column":null}}},"1":{"name":"(anonymous_9)","decl":{"start":{"line":16,"column":2},"end":{"line":16,"column":9}},"loc":{"start":{"line":16,"column":63},"end":{"line":47,"column":3}}}},"branchMap":{"0":{"loc":{"start":{"line":22,"column":6},"end":{"line":24,"column":null}},"type":"if","locations":[{"start":{"line":22,"column":6},"end":{"line":24,"column":null}},{"start":{"line":22,"column":6},"end":{"line":24,"column":null}}]},"1":{"loc":{"start":{"line":29,"column":6},"end":{"line":31,"column":null}},"type":"if","locations":[{"start":{"line":29,"column":6},"end":{"line":31,"column":null}},{"start":{"line":29,"column":6},"end":{"line":31,"column":null}}]}},"s":{"0":1,"1":1,"2":1,"3":1,"4":1,"5":1,"6":0,"7":0,"8":0,"9":0,"10":0,"11":0,"12":0,"13":0,"14":0,"15":0,"16":0,"17":1},"f":{"0":1,"1":0},"b":{"0":[0,0],"1":[0,0]}}
,"D:\\startup\\idaman\\library\\batara\\src\\middleware\\middleware.ts": {"path":"D:\\startup\\idaman\\library\\batara\\src\\middleware\\middleware.ts","statementMap":{"0":{"start":{"line":4,"column":0},"end":{"line":4,"column":null}},"1":{"start":{"line":9,"column":0},"end":{"line":9,"column":null}}},"fnMap":{"0":{"name":"(anonymous_0)","decl":{"start":{"line":4,"column":0},"end":{"line":4,"column":null}},"loc":{"start":{"line":4,"column":0},"end":{"line":9,"column":null}}}},"branchMap":{},"s":{"0":1,"1":1},"f":{"0":1},"b":{}}
,"D:\\startup\\idaman\\library\\batara\\src\\middleware\\validation.middleware.ts": {"path":"D:\\startup\\idaman\\library\\batara\\src\\middleware\\validation.middleware.ts","statementMap":{"0":{"start":{"line":2,"column":0},"end":{"line":2,"column":53}},"1":{"start":{"line":13,"column":0},"end":{"line":13,"column":56}},"2":{"start":{"line":15,"column":0},"end":{"line":15,"column":38}},"3":{"start":{"line":23,"column":0},"end":{"line":23,"column":null}},"4":{"start":{"line":23,"column":40},"end":{"line":23,"column":50}},"5":{"start":{"line":26,"column":9},"end":{"line":36,"column":null}},"6":{"start":{"line":28,"column":16},"end":{"line":28,"column":20}},"7":{"start":{"line":29,"column":19},"end":{"line":29,"column":40}},"8":{"start":{"line":30,"column":4},"end":{"line":34,"column":null}},"9":{"start":{"line":31,"column":31},"end":{"line":31,"column":78}},"10":{"start":{"line":32,"column":29},"end":{"line":32,"column":70}},"11":{"start":{"line":33,"column":6},"end":{"line":33,"column":66}},"12":{"start":{"line":35,"column":4},"end":{"line":35,"column":23}},"13":{"start":{"line":38,"column":17},"end":{"line":46,"column":null}},"14":{"start":{"line":40,"column":4},"end":{"line":45,"column":7}},"15":{"start":{"line":41,"column":6},"end":{"line":44,"column":null}},"16":{"start":{"line":48,"column":17},"end":{"line":108,"column":null}},"17":{"start":{"line":50,"column":4},"end":{"line":106,"column":7}},"18":{"start":{"line":63,"column":19},"end":{"line":63,"column":39}},"19":{"start":{"line":64,"column":21},"end":{"line":64,"column":41}},"20":{"start":{"line":65,"column":18},"end":{"line":65,"column":25}},"21":{"start":{"line":66,"column":21},"end":{"line":66,"column":62}},"22":{"start":{"line":76,"column":29},"end":{"line":78,"column":null}},"23":{"start":{"line":80,"column":6},"end":{"line":80,"column":52}},"24":{"start":{"line":88,"column":6},"end":{"line":104,"column":null}},"25":{"start":{"line":94,"column":33},"end":{"line":96,"column":null}},"26":{"start":{"line":98,"column":34},"end":{"line":98,"column":78}},"27":{"start":{"line":100,"column":8},"end":{"line":103,"column":10}},"28":{"start":{"line":107,"column":4},"end":{"line":107,"column":18}},"29":{"start":{"line":110,"column":17},"end":{"line":166,"column":null}},"30":{"start":{"line":122,"column":20},"end":{"line":122,"column":52}},"31":{"start":{"line":123,"column":4},"end":{"line":123,"column":60}},"32":{"start":{"line":123,"column":17},"end":{"line":123,"column":60}},"33":{"start":{"line":131,"column":19},"end":{"line":131,"column":39}},"34":{"start":{"line":132,"column":26},"end":{"line":132,"column":82}},"35":{"start":{"line":133,"column":4},"end":{"line":135,"column":null}},"36":{"start":{"line":134,"column":6},"end":{"line":134,"column":63}},"37":{"start":{"line":136,"column":4},"end":{"line":139,"column":6}},"38":{"start":{"line":147,"column":4},"end":{"line":152,"column":null}},"39":{"start":{"line":147,"column":21},"end":{"line":147,"column":22}},"40":{"start":{"line":148,"column":6},"end":{"line":151,"column":8}},"41":{"start":{"line":160,"column":4},"end":{"line":163,"column":6}},"42":{"start":{"line":165,"column":4},"end":{"line":165,"column":19}},"43":{"start":{"line":168,"column":0},"end":{"line":168,"column":null}}},"fnMap":{"0":{"name":"(anonymous_7)","decl":{"start":{"line":23,"column":0},"end":{"line":23,"column":40}},"loc":{"start":{"line":23,"column":0},"end":{"line":168,"column":null}}},"1":{"name":"(anonymous_9)","decl":{"start":{"line":26,"column":2},"end":{"line":26,"column":9}},"loc":{"start":{"line":26,"column":66},"end":{"line":36,"column":3}}},"2":{"name":"(anonymous_10)","decl":{"start":{"line":38,"column":2},"end":{"line":38,"column":17}},"loc":{"start":{"line":38,"column":61},"end":{"line":46,"column":3}}},"3":{"name":"(anonymous_11)","decl":{"start":{"line":40,"column":22},"end":{"line":40,"column":27}},"loc":{"start":{"line":40,"column":27},"end":{"line":45,"column":5}}},"4":{"name":"(anonymous_12)","decl":{"start":{"line":48,"column":2},"end":{"line":48,"column":17}},"loc":{"start":{"line":48,"column":79},"end":{"line":108,"column":3}}},"5":{"name":"(anonymous_13)","decl":{"start":{"line":50,"column":19},"end":{"line":50,"column":24}},"loc":{"start":{"line":50,"column":24},"end":{"line":106,"column":5}}},"6":{"name":"(anonymous_14)","decl":{"start":{"line":110,"column":2},"end":{"line":110,"column":17}},"loc":{"start":{"line":112,"column":64},"end":{"line":166,"column":3}}}},"branchMap":{"0":{"loc":{"start":{"line":30,"column":4},"end":{"line":34,"column":null}},"type":"if","locations":[{"start":{"line":30,"column":4},"end":{"line":34,"column":null}},{"start":{"line":30,"column":4},"end":{"line":34,"column":null}}]},"1":{"loc":{"start":{"line":66,"column":39},"end":{"line":66,"column":57}},"type":"cond-expr","locations":[{"start":{"line":66,"column":39},"end":{"line":66,"column":57}},{"start":{"line":66,"column":60},"end":{"line":66,"column":62}}]},"2":{"loc":{"start":{"line":88,"column":6},"end":{"line":104,"column":null}},"type":"if","locations":[{"start":{"line":88,"column":6},"end":{"line":104,"column":null}},{"start":{"line":88,"column":6},"end":{"line":104,"column":null}}]},"3":{"loc":{"start":{"line":123,"column":4},"end":{"line":123,"column":60}},"type":"if","locations":[{"start":{"line":123,"column":4},"end":{"line":123,"column":60}},{"start":{"line":123,"column":4},"end":{"line":123,"column":60}}]},"4":{"loc":{"start":{"line":133,"column":4},"end":{"line":135,"column":null}},"type":"if","locations":[{"start":{"line":133,"column":4},"end":{"line":135,"column":null}},{"start":{"line":133,"column":4},"end":{"line":135,"column":null}}]}},"s":{"0":1,"1":1,"2":1,"3":1,"4":1,"5":1,"6":0,"7":0,"8":0,"9":0,"10":0,"11":0,"12":0,"13":1,"14":0,"15":0,"16":1,"17":0,"18":0,"19":0,"20":0,"21":0,"22":0,"23":0,"24":0,"25":0,"26":0,"27":0,"28":0,"29":1,"30":0,"31":0,"32":0,"33":0,"34":0,"35":0,"36":0,"37":0,"38":0,"39":0,"40":0,"41":0,"42":0,"43":1},"f":{"0":1,"1":0,"2":0,"3":0,"4":0,"5":0,"6":0},"b":{"0":[0,0],"1":[0,0],"2":[0,0],"3":[0,0],"4":[0,0]}}
}
