{"D:\\startup\\idaman\\library\\batara\\src\\constant\\index.ts": {"path":"D:\\startup\\idaman\\library\\batara\\src\\constant\\index.ts","statementMap":{"0":{"start":{"line":2,"column":0},"end":{"line":2,"column":33}},"1":{"start":{"line":3,"column":0},"end":{"line":3,"column":41}},"2":{"start":{"line":4,"column":0},"end":{"line":4,"column":36}}},"fnMap":{},"branchMap":{},"s":{"0":1,"1":1,"2":1},"f":{},"b":{}}
,"D:\\startup\\idaman\\library\\batara\\src\\constant\\language.constant.ts": {"path":"D:\\startup\\idaman\\library\\batara\\src\\constant\\language.constant.ts","statementMap":{"0":{"start":{"line":2,"column":13},"end":{"line":48,"column":null}},"1":{"start":{"line":50,"column":13},"end":{"line":86,"column":null}}},"fnMap":{},"branchMap":{},"s":{"0":2,"1":2},"f":{},"b":{}}
,"D:\\startup\\idaman\\library\\batara\\src\\entity\\entity.ts": {"path":"D:\\startup\\idaman\\library\\batara\\src\\entity\\entity.ts","statementMap":{"0":{"start":{"line":2,"column":0},"end":{"line":2,"column":null}},"1":{"start":{"line":5,"column":9},"end":{"line":8,"column":null}},"2":{"start":{"line":7,"column":4},"end":{"line":7,"column":16}},"3":{"start":{"line":10,"column":9},"end":{"line":13,"column":null}},"4":{"start":{"line":12,"column":4},"end":{"line":12,"column":43}},"5":{"start":{"line":15,"column":0},"end":{"line":15,"column":null}}},"fnMap":{"0":{"name":"(anonymous_0)","decl":{"start":{"line":2,"column":0},"end":{"line":2,"column":null}},"loc":{"start":{"line":2,"column":0},"end":{"line":15,"column":null}}},"1":{"name":"(anonymous_2)","decl":{"start":{"line":5,"column":2},"end":{"line":5,"column":9}},"loc":{"start":{"line":5,"column":2},"end":{"line":8,"column":3}}},"2":{"name":"(anonymous_3)","decl":{"start":{"line":10,"column":2},"end":{"line":10,"column":9}},"loc":{"start":{"line":10,"column":2},"end":{"line":13,"column":3}}}},"branchMap":{},"s":{"0":1,"1":1,"2":0,"3":1,"4":0,"5":1},"f":{"0":1,"1":0,"2":0},"b":{}}
,"D:\\startup\\idaman\\library\\batara\\src\\entity\\index.ts": {"path":"D:\\startup\\idaman\\library\\batara\\src\\entity\\index.ts","statementMap":{"0":{"start":{"line":2,"column":0},"end":{"line":2,"column":9}},"1":{"start":{"line":2,"column":9},"end":{"line":2,"column":26}}},"fnMap":{"0":{"name":"(anonymous_1)","decl":{"start":{"line":2,"column":9},"end":{"line":2,"column":16}},"loc":{"start":{"line":2,"column":9},"end":{"line":2,"column":26}}}},"branchMap":{},"s":{"0":1,"1":2},"f":{"0":1},"b":{}}
}
