TN:
SF:src\constant\index.ts
FNF:0
FNH:0
DA:2,1
DA:3,1
DA:4,1
LF:3
LH:3
BRF:0
BRH:0
end_of_record
TN:
SF:src\constant\language.constant.ts
FNF:0
FNH:0
DA:2,2
DA:50,2
LF:2
LH:2
BRF:0
BRH:0
end_of_record
TN:
SF:src\entity\entity.ts
FN:2,(anonymous_0)
FN:5,(anonymous_2)
FN:10,(anonymous_3)
FNF:3
FNH:1
FNDA:1,(anonymous_0)
FNDA:0,(anonymous_2)
FNDA:0,(anonymous_3)
DA:2,1
DA:5,1
DA:7,0
DA:10,1
DA:12,0
DA:15,1
LF:6
LH:4
BRF:0
BRH:0
end_of_record
TN:
SF:src\entity\index.ts
FN:2,(anonymous_1)
FNF:1
FNH:1
FNDA:1,(anonymous_1)
DA:2,2
LF:1
LH:1
BRF:0
BRH:0
end_of_record
