TN:
SF:src\constant\index.ts
FNF:0
FNH:0
DA:2,1
DA:3,1
LF:2
LH:2
BRF:0
BRH:0
end_of_record
TN:
SF:src\constant\language.constant.ts
FNF:0
FNH:0
DA:2,3
DA:50,3
LF:2
LH:2
BRF:0
BRH:0
end_of_record
TN:
SF:src\controller\controller.ts
FN:13,(anonymous_1)
FN:20,(anonymous_3)
FN:34,(anonymous_4)
FN:39,(anonymous_5)
FN:44,(anonymous_6)
FN:49,(anonymous_7)
FN:54,(anonymous_8)
FNF:7
FNH:1
FNDA:2,(anonymous_1)
FNDA:0,(anonymous_3)
FNDA:0,(anonymous_4)
FNDA:0,(anonymous_5)
FNDA:0,(anonymous_6)
FNDA:0,(anonymous_7)
FNDA:0,(anonymous_8)
DA:10,1
DA:11,1
DA:13,1
DA:20,1
DA:22,0
DA:34,1
DA:36,0
DA:39,1
DA:41,0
DA:44,1
DA:46,0
DA:49,1
DA:51,0
DA:54,1
DA:56,0
DA:67,0
DA:68,0
DA:69,0
DA:70,0
DA:74,0
DA:75,0
DA:76,0
DA:77,0
DA:81,0
DA:82,0
DA:83,0
DA:86,1
LF:27
LH:10
BRDA:69,0,0,0
BRDA:69,0,1,0
BRDA:76,1,0,0
BRDA:76,1,1,0
BRF:4
BRH:0
end_of_record
TN:
SF:src\entity\entity.ts
FN:2,(anonymous_0)
FN:5,(anonymous_2)
FN:10,(anonymous_3)
FNF:3
FNH:3
FNDA:7,(anonymous_0)
FNDA:4,(anonymous_2)
FNDA:1,(anonymous_3)
DA:2,2
DA:5,2
DA:7,4
DA:10,2
DA:12,1
DA:15,2
LF:6
LH:6
BRF:0
BRH:0
end_of_record
TN:
SF:src\entity\index.ts
FN:2,(anonymous_1)
FNF:1
FNH:1
FNDA:1,(anonymous_1)
DA:2,2
LF:1
LH:1
BRF:0
BRH:0
end_of_record
TN:
SF:src\error\index.ts
FN:2,(anonymous_1)
FN:3,(anonymous_2)
FN:4,(anonymous_3)
FN:5,(anonymous_4)
FN:6,(anonymous_5)
FN:7,(anonymous_6)
FNF:6
FNH:5
FNDA:0,(anonymous_1)
FNDA:1,(anonymous_2)
FNDA:1,(anonymous_3)
FNDA:1,(anonymous_4)
FNDA:1,(anonymous_5)
FNDA:1,(anonymous_6)
DA:2,1
DA:3,2
DA:4,2
DA:5,2
DA:6,2
DA:7,2
LF:6
LH:6
BRF:0
BRH:0
end_of_record
TN:
SF:src\error\not-found.error.ts
FN:4,(anonymous_7)
FN:7,NotfoundError
FNF:2
FNH:2
FNDA:2,(anonymous_7)
FNDA:5,NotfoundError
DA:2,2
DA:4,2
DA:7,8
DA:9,5
DA:12,2
LF:5
LH:5
BRDA:7,0,0,3
BRDA:7,0,1,2
BRDA:9,1,0,5
BRDA:9,1,1,0
BRF:4
BRH:3
end_of_record
TN:
SF:src\error\system.error.ts
FN:2,(anonymous_6)
FN:5,SystemError
FNF:2
FNH:2
FNDA:8,(anonymous_6)
FNDA:32,SystemError
DA:2,8
DA:5,33
DA:7,32
DA:12,32
DA:15,8
LF:5
LH:5
BRDA:5,0,0,1
BRDA:5,0,1,31
BRDA:7,1,0,32
BRDA:7,1,1,0
BRF:4
BRH:3
end_of_record
TN:
SF:src\error\unauthenticate.error.ts
FN:4,(anonymous_7)
FN:7,UnauthenticateError
FNF:2
FNH:2
FNDA:2,(anonymous_7)
FNDA:5,UnauthenticateError
DA:2,2
DA:4,2
DA:7,8
DA:9,5
DA:12,2
LF:5
LH:5
BRDA:7,0,0,3
BRDA:7,0,1,2
BRDA:9,1,0,5
BRDA:9,1,1,0
BRF:4
BRH:3
end_of_record
TN:
SF:src\error\unauthorize.error.ts
FN:4,(anonymous_7)
FN:7,UnauthorizeError
FNF:2
FNH:2
FNDA:2,(anonymous_7)
FNDA:5,UnauthorizeError
DA:2,2
DA:4,2
DA:7,8
DA:9,5
DA:12,2
LF:5
LH:5
BRDA:7,0,0,3
BRDA:7,0,1,2
BRDA:9,1,0,5
BRDA:9,1,1,0
BRF:4
BRH:3
end_of_record
TN:
SF:src\error\unexpected.error.ts
FN:4,(anonymous_7)
FN:7,UnexpectedError
FNF:2
FNH:2
FNDA:2,(anonymous_7)
FNDA:5,UnexpectedError
DA:2,2
DA:4,2
DA:7,8
DA:9,5
DA:12,2
LF:5
LH:5
BRDA:7,0,0,3
BRDA:7,0,1,2
BRDA:9,1,0,5
BRDA:9,1,1,0
BRF:4
BRH:3
end_of_record
TN:
SF:src\error\validation.error.ts
FN:5,(anonymous_7)
FN:10,ValidationError
FN:19,(anonymous_9)
FNF:3
FNH:3
FNDA:3,(anonymous_7)
FNDA:7,ValidationError
FNDA:2,(anonymous_9)
DA:3,3
DA:5,3
DA:12,10
DA:15,7
DA:16,7
DA:19,3
DA:21,2
DA:24,3
LF:8
LH:8
BRDA:12,0,0,3
BRDA:12,0,1,4
BRDA:15,1,0,7
BRDA:15,1,1,0
BRF:4
BRH:3
end_of_record
TN:
SF:src\middleware\language.middleware.ts
FN:13,(anonymous_7)
FN:16,(anonymous_9)
FNF:2
FNH:1
FNDA:1,(anonymous_7)
FNDA:0,(anonymous_9)
DA:2,1
DA:4,1
DA:6,1
DA:13,1
DA:16,1
DA:18,0
DA:20,0
DA:21,0
DA:22,0
DA:23,0
DA:27,0
DA:28,0
DA:29,0
DA:30,0
DA:34,0
DA:46,0
DA:49,1
LF:17
LH:6
BRDA:22,0,0,0
BRDA:22,0,1,0
BRDA:29,1,0,0
BRDA:29,1,1,0
BRF:4
BRH:0
end_of_record
TN:
SF:src\middleware\middleware.ts
FN:4,(anonymous_0)
FNF:1
FNH:1
FNDA:1,(anonymous_0)
DA:4,1
DA:9,1
LF:2
LH:2
BRF:0
BRH:0
end_of_record
TN:
SF:src\middleware\validation.middleware.ts
FN:23,(anonymous_7)
FN:26,(anonymous_9)
FN:38,(anonymous_10)
FN:40,(anonymous_11)
FN:48,(anonymous_12)
FN:50,(anonymous_13)
FN:110,(anonymous_14)
FNF:7
FNH:1
FNDA:1,(anonymous_7)
FNDA:0,(anonymous_9)
FNDA:0,(anonymous_10)
FNDA:0,(anonymous_11)
FNDA:0,(anonymous_12)
FNDA:0,(anonymous_13)
FNDA:0,(anonymous_14)
DA:2,1
DA:13,1
DA:15,1
DA:23,1
DA:26,1
DA:28,0
DA:29,0
DA:30,0
DA:31,0
DA:32,0
DA:33,0
DA:35,0
DA:38,1
DA:40,0
DA:41,0
DA:48,1
DA:50,0
DA:63,0
DA:64,0
DA:65,0
DA:66,0
DA:76,0
DA:80,0
DA:88,0
DA:94,0
DA:98,0
DA:100,0
DA:107,0
DA:110,1
DA:122,0
DA:123,0
DA:131,0
DA:132,0
DA:133,0
DA:134,0
DA:136,0
DA:147,0
DA:148,0
DA:160,0
DA:165,0
DA:168,1
LF:41
LH:9
BRDA:30,0,0,0
BRDA:30,0,1,0
BRDA:66,1,0,0
BRDA:66,1,1,0
BRDA:88,2,0,0
BRDA:88,2,1,0
BRDA:123,3,0,0
BRDA:123,3,1,0
BRDA:133,4,0,0
BRDA:133,4,1,0
BRF:10
BRH:0
end_of_record
